{"numTotalTestSuites":31,"numPassedTestSuites":31,"numFailedTestSuites":0,"numPendingTestSuites":0,"numTotalTests":74,"numPassedTests":74,"numFailedTests":0,"numPendingTests":0,"numTodoTests":0,"snapshot":{"added":0,"failure":false,"filesAdded":0,"filesRemoved":0,"filesRemovedList":[],"filesUnmatched":0,"filesUpdated":0,"matched":0,"total":0,"unchecked":0,"uncheckedKeysByFile":[],"unmatched":0,"updated":0,"didUpdate":false},"startTime":1760704072324,"success":true,"testResults":[{"assertionResults":[{"ancestorTitles":["HaloPowered.com - API & Endpoint Testing","Accessible Pages (200 Status)"],"fullName":"HaloPowered.com - API & Endpoint Testing Accessible Pages (200 Status) validates Homepage page returns 200 status","status":"passed","title":"validates Homepage page returns 200 status","duration":365.51495799999987,"failureMessages":[],"meta":{}},{"ancestorTitles":["HaloPowered.com - API & Endpoint Testing","Accessible Pages (200 Status)"],"fullName":"HaloPowered.com - API & Endpoint Testing Accessible Pages (200 Status) validates Homepage page content is present","status":"passed","title":"validates Homepage page content is present","duration":205.13358299999982,"failureMessages":[],"meta":{}},{"ancestorTitles":["HaloPowered.com - API & Endpoint Testing","Accessible Pages (200 Status)"],"fullName":"HaloPowered.com - API & Endpoint Testing Accessible Pages (200 Status) validates Homepage page has proper meta tags","status":"passed","title":"validates Homepage page has proper meta tags","duration":197.2065419999999,"failureMessages":[],"meta":{}},{"ancestorTitles":["HaloPowered.com - API & Endpoint Testing","Client-Side Routed Pages (404 Expected)"],"fullName":"HaloPowered.com - API & Endpoint Testing Client-Side Routed Pages (404 Expected) validates Services page returns 404 due to client-side routing","status":"passed","title":"validates Services page returns 404 due to client-side routing","duration":95.44945799999982,"failureMessages":[],"meta":{}},{"ancestorTitles":["HaloPowered.com - API & Endpoint Testing","Client-Side Routed Pages (404 Expected)"],"fullName":"HaloPowered.com - API & Endpoint Testing Client-Side Routed Pages (404 Expected) explains why Services returns 404: Client-side routing - content loads via JavaScript","status":"passed","title":"explains why Services returns 404: Client-side routing - content loads via JavaScript","duration":0.1950409999999465,"failureMessages":[],"meta":{}},{"ancestorTitles":["HaloPowered.com - API & Endpoint Testing","Client-Side Routed Pages (404 Expected)"],"fullName":"HaloPowered.com - API & Endpoint Testing Client-Side Routed Pages (404 Expected) validates Work Portfolio page returns 404 due to client-side routing","status":"passed","title":"validates Work Portfolio page returns 404 due to client-side routing","duration":95.65454199999999,"failureMessages":[],"meta":{}},{"ancestorTitles":["HaloPowered.com - API & Endpoint Testing","Client-Side Routed Pages (404 Expected)"],"fullName":"HaloPowered.com - API & Endpoint Testing Client-Side Routed Pages (404 Expected) explains why Work Portfolio returns 404: Client-side routing - content loads via JavaScript","status":"passed","title":"explains why Work Portfolio returns 404: Client-side routing - content loads via JavaScript","duration":0.20091600000000653,"failureMessages":[],"meta":{}},{"ancestorTitles":["HaloPowered.com - API & Endpoint Testing","Client-Side Routed Pages (404 Expected)"],"fullName":"HaloPowered.com - API & Endpoint Testing Client-Side Routed Pages (404 Expected) validates Industries page returns 404 due to client-side routing","status":"passed","title":"validates Industries page returns 404 due to client-side routing","duration":96.53904200000011,"failureMessages":[],"meta":{}},{"ancestorTitles":["HaloPowered.com - API & Endpoint Testing","Client-Side Routed Pages (404 Expected)"],"fullName":"HaloPowered.com - API & Endpoint Testing Client-Side Routed Pages (404 Expected) explains why Industries returns 404: Client-side routing - content loads via JavaScript","status":"passed","title":"explains why Industries returns 404: Client-side routing - content loads via JavaScript","duration":0.13799999999991996,"failureMessages":[],"meta":{}},{"ancestorTitles":["HaloPowered.com - API & Endpoint Testing","Client-Side Routed Pages (404 Expected)"],"fullName":"HaloPowered.com - API & Endpoint Testing Client-Side Routed Pages (404 Expected) validates Technology page returns 404 due to client-side routing","status":"passed","title":"validates Technology page returns 404 due to client-side routing","duration":95.48245799999995,"failureMessages":[],"meta":{}},{"ancestorTitles":["HaloPowered.com - API & Endpoint Testing","Client-Side Routed Pages (404 Expected)"],"fullName":"HaloPowered.com - API & Endpoint Testing Client-Side Routed Pages (404 Expected) explains why Technology returns 404: Client-side routing - content loads via JavaScript","status":"passed","title":"explains why Technology returns 404: Client-side routing - content loads via JavaScript","duration":0.1672920000000886,"failureMessages":[],"meta":{}},{"ancestorTitles":["HaloPowered.com - API & Endpoint Testing","Non-Existent Pages (404 Expected)"],"fullName":"HaloPowered.com - API & Endpoint Testing Non-Existent Pages (404 Expected) validates Non-existent Page returns 404 for non-existent page","status":"passed","title":"validates Non-existent Page returns 404 for non-existent page","duration":95.86750000000006,"failureMessages":[],"meta":{}},{"ancestorTitles":["HaloPowered.com - API & Endpoint Testing","Non-Existent Pages (404 Expected)"],"fullName":"HaloPowered.com - API & Endpoint Testing Non-Existent Pages (404 Expected) explains why Non-existent Page returns 404: Page not found on server","status":"passed","title":"explains why Non-existent Page returns 404: Page not found on server","duration":0.193416999999954,"failureMessages":[],"meta":{}},{"ancestorTitles":["HaloPowered.com - API & Endpoint Testing","Non-Existent Pages (404 Expected)"],"fullName":"HaloPowered.com - API & Endpoint Testing Non-Existent Pages (404 Expected) validates Invalid Path returns 404 for non-existent page","status":"passed","title":"validates Invalid Path returns 404 for non-existent page","duration":95.02183300000002,"failureMessages":[],"meta":{}},{"ancestorTitles":["HaloPowered.com - API & Endpoint Testing","Non-Existent Pages (404 Expected)"],"fullName":"HaloPowered.com - API & Endpoint Testing Non-Existent Pages (404 Expected) explains why Invalid Path returns 404: Path not found on server","status":"passed","title":"explains why Invalid Path returns 404: Path not found on server","duration":0.09837500000003274,"failureMessages":[],"meta":{}},{"ancestorTitles":["HaloPowered.com - API & Endpoint Testing","HTTP Methods & Status Codes"],"fullName":"HaloPowered.com - API & Endpoint Testing HTTP Methods & Status Codes validates GET request returns 200 for homepage","status":"passed","title":"validates GET request returns 200 for homepage","duration":95.1828750000002,"failureMessages":[],"meta":{}},{"ancestorTitles":["HaloPowered.com - API & Endpoint Testing","HTTP Methods & Status Codes"],"fullName":"HaloPowered.com - API & Endpoint Testing HTTP Methods & Status Codes validates HEAD request works for homepage","status":"passed","title":"validates HEAD request works for homepage","duration":99.0791250000002,"failureMessages":[],"meta":{}},{"ancestorTitles":["HaloPowered.com - API & Endpoint Testing","HTTP Methods & Status Codes"],"fullName":"HaloPowered.com - API & Endpoint Testing HTTP Methods & Status Codes validates OPTIONS request for homepage","status":"passed","title":"validates OPTIONS request for homepage","duration":94.89724999999999,"failureMessages":[],"meta":{}},{"ancestorTitles":["HaloPowered.com - API & Endpoint Testing","HTTP Methods & Status Codes"],"fullName":"HaloPowered.com - API & Endpoint Testing HTTP Methods & Status Codes validates POST requests are handled appropriately","status":"passed","title":"validates POST requests are handled appropriately","duration":265.32629099999986,"failureMessages":[],"meta":{}},{"ancestorTitles":["HaloPowered.com - API & Endpoint Testing","Header Validation"],"fullName":"HaloPowered.com - API & Endpoint Testing Header Validation validates security headers on homepage","status":"passed","title":"validates security headers on homepage","duration":268.46070899999995,"failureMessages":[],"meta":{}},{"ancestorTitles":["HaloPowered.com - API & Endpoint Testing","Header Validation"],"fullName":"HaloPowered.com - API & Endpoint Testing Header Validation validates cache headers are consistent","status":"passed","title":"validates cache headers are consistent","duration":478.11041699999987,"failureMessages":[],"meta":{}},{"ancestorTitles":["HaloPowered.com - API & Endpoint Testing","Header Validation"],"fullName":"HaloPowered.com - API & Endpoint Testing Header Validation validates content type is HTML for homepage","status":"passed","title":"validates content type is HTML for homepage","duration":95.66229199999998,"failureMessages":[],"meta":{}},{"ancestorTitles":["HaloPowered.com - API & Endpoint Testing","Content Negotiation"],"fullName":"HaloPowered.com - API & Endpoint Testing Content Negotiation validates content type negotiation with different Accept headers","status":"passed","title":"validates content type negotiation with different Accept headers","duration":285.2404580000002,"failureMessages":[],"meta":{}},{"ancestorTitles":["HaloPowered.com - API & Endpoint Testing","Content Negotiation"],"fullName":"HaloPowered.com - API & Endpoint Testing Content Negotiation validates encoding support for homepage","status":"passed","title":"validates encoding support for homepage","duration":96.19687500000009,"failureMessages":[],"meta":{}},{"ancestorTitles":["HaloPowered.com - API & Endpoint Testing","Error Handling & Edge Cases"],"fullName":"HaloPowered.com - API & Endpoint Testing Error Handling & Edge Cases validates 404 handling for non-existent pages","status":"passed","title":"validates 404 handling for non-existent pages","duration":283.1848329999998,"failureMessages":[],"meta":{}},{"ancestorTitles":["HaloPowered.com - API & Endpoint Testing","Error Handling & Edge Cases"],"fullName":"HaloPowered.com - API & Endpoint Testing Error Handling & Edge Cases validates case sensitivity handling","status":"passed","title":"validates case sensitivity handling","duration":381.587125,"failureMessages":[],"meta":{}},{"ancestorTitles":["HaloPowered.com - API & Endpoint Testing","Performance & Load Testing"],"fullName":"HaloPowered.com - API & Endpoint Testing Performance & Load Testing validates response times for homepage","status":"passed","title":"validates response times for homepage","duration":97.15741699999944,"failureMessages":[],"meta":{}},{"ancestorTitles":["HaloPowered.com - API & Endpoint Testing","Performance & Load Testing"],"fullName":"HaloPowered.com - API & Endpoint Testing Performance & Load Testing validates concurrent requests to homepage","status":"passed","title":"validates concurrent requests to homepage","duration":287.44025000000056,"failureMessages":[],"meta":{}},{"ancestorTitles":["HaloPowered.com - API & Endpoint Testing","Data Integrity & Consistency"],"fullName":"HaloPowered.com - API & Endpoint Testing Data Integrity & Consistency validates response consistency across multiple requests","status":"passed","title":"validates response consistency across multiple requests","duration":365.71950000000015,"failureMessages":[],"meta":{}},{"ancestorTitles":["HaloPowered.com - API & Endpoint Testing","Data Integrity & Consistency"],"fullName":"HaloPowered.com - API & Endpoint Testing Data Integrity & Consistency validates content length consistency","status":"passed","title":"validates content length consistency","duration":188.8356249999997,"failureMessages":[],"meta":{}},{"ancestorTitles":["HaloPowered.com - API & Endpoint Testing","Data Integrity & Consistency"],"fullName":"HaloPowered.com - API & Endpoint Testing Data Integrity & Consistency validates homepage contains navigation elements","status":"passed","title":"validates homepage contains navigation elements","duration":124.5947500000002,"failureMessages":[],"meta":{}},{"ancestorTitles":["HaloPowered.com - API & Endpoint Testing","External Links & Integrations"],"fullName":"HaloPowered.com - API & Endpoint Testing External Links & Integrations validates external RFP link is accessible","status":"passed","title":"validates external RFP link is accessible","duration":511.37695799999983,"failureMessages":[],"meta":{}},{"ancestorTitles":["HaloPowered.com - API & Endpoint Testing","External Links & Integrations"],"fullName":"HaloPowered.com - API & Endpoint Testing External Links & Integrations validates LinkedIn company link is accessible","status":"passed","title":"validates LinkedIn company link is accessible","duration":957.8344999999999,"failureMessages":[],"meta":{}},{"ancestorTitles":["HaloPowered.com - API & Endpoint Testing","External Links & Integrations"],"fullName":"HaloPowered.com - API & Endpoint Testing External Links & Integrations validates Clutch profile link response","status":"passed","title":"validates Clutch profile link response","duration":368.86583299999984,"failureMessages":[],"meta":{}},{"ancestorTitles":["HaloPowered.com - API & Endpoint Testing","SEO & Meta Data Validation"],"fullName":"HaloPowered.com - API & Endpoint Testing SEO & Meta Data Validation validates homepage has proper title tag","status":"passed","title":"validates homepage has proper title tag","duration":176.45787500000006,"failureMessages":[],"meta":{}},{"ancestorTitles":["HaloPowered.com - API & Endpoint Testing","SEO & Meta Data Validation"],"fullName":"HaloPowered.com - API & Endpoint Testing SEO & Meta Data Validation validates meta description is present on homepage","status":"passed","title":"validates meta description is present on homepage","duration":102.39083300000038,"failureMessages":[],"meta":{}},{"ancestorTitles":["HaloPowered.com - API & Endpoint Testing","SEO & Meta Data Validation"],"fullName":"HaloPowered.com - API & Endpoint Testing SEO & Meta Data Validation validates canonical URL is properly set on homepage","status":"passed","title":"validates canonical URL is properly set on homepage","duration":102.04037499999959,"failureMessages":[],"meta":{}},{"ancestorTitles":["HaloPowered.com - API & Endpoint Testing","JSON Data Extraction & Validation","Google Analytics DataLayer Validation"],"fullName":"HaloPowered.com - API & Endpoint Testing JSON Data Extraction & Validation Google Analytics DataLayer Validation validates Google Analytics tracking is properly configured","status":"passed","title":"validates Google Analytics tracking is properly configured","duration":0.19587499999943248,"failureMessages":[],"meta":{}},{"ancestorTitles":["HaloPowered.com - API & Endpoint Testing","JSON Data Extraction & Validation","Google Analytics DataLayer Validation"],"fullName":"HaloPowered.com - API & Endpoint Testing JSON Data Extraction & Validation Google Analytics DataLayer Validation validates expected analytics events structure","status":"passed","title":"validates expected analytics events structure","duration":0.09395800000038435,"failureMessages":[],"meta":{}},{"ancestorTitles":["HaloPowered.com - API & Endpoint Testing","JSON Data Extraction & Validation","Project Portfolio Data Structure"],"fullName":"HaloPowered.com - API & Endpoint Testing JSON Data Extraction & Validation Project Portfolio Data Structure validates project data structure from homepage","status":"passed","title":"validates project data structure from homepage","duration":0.694166000000223,"failureMessages":[],"meta":{}},{"ancestorTitles":["HaloPowered.com - API & Endpoint Testing","JSON Data Extraction & Validation","Project Portfolio Data Structure"],"fullName":"HaloPowered.com - API & Endpoint Testing JSON Data Extraction & Validation Project Portfolio Data Structure validates project filtering functionality","status":"passed","title":"validates project filtering functionality","duration":0.09058300000015151,"failureMessages":[],"meta":{}},{"ancestorTitles":["HaloPowered.com - API & Endpoint Testing","JSON Data Extraction & Validation","Testimonial Data Structure"],"fullName":"HaloPowered.com - API & Endpoint Testing JSON Data Extraction & Validation Testimonial Data Structure validates testimonial data structure","status":"passed","title":"validates testimonial data structure","duration":2.1092500000004293,"failureMessages":[],"meta":{}},{"ancestorTitles":["HaloPowered.com - API & Endpoint Testing","JSON Data Extraction & Validation","Contact Information Data Structure"],"fullName":"HaloPowered.com - API & Endpoint Testing JSON Data Extraction & Validation Contact Information Data Structure validates contact information structure","status":"passed","title":"validates contact information structure","duration":2.087583999999879,"failureMessages":[],"meta":{}},{"ancestorTitles":["HaloPowered.com - API & Endpoint Testing","JSON Data Extraction & Validation","External Integration Data"],"fullName":"HaloPowered.com - API & Endpoint Testing JSON Data Extraction & Validation External Integration Data validates external service integrations","status":"passed","title":"validates external service integrations","duration":1.3241250000000946,"failureMessages":[],"meta":{}},{"ancestorTitles":["HaloPowered.com - API & Endpoint Testing","JSON Data Extraction & Validation","Performance and Asset Data"],"fullName":"HaloPowered.com - API & Endpoint Testing JSON Data Extraction & Validation Performance and Asset Data validates image assets are properly loaded","status":"passed","title":"validates image assets are properly loaded","duration":0.6324169999998048,"failureMessages":[],"meta":{}},{"ancestorTitles":["HaloPowered.com - API & Endpoint Testing","JSON Data Extraction & Validation","Performance and Asset Data"],"fullName":"HaloPowered.com - API & Endpoint Testing JSON Data Extraction & Validation Performance and Asset Data validates font assets are properly loaded","status":"passed","title":"validates font assets are properly loaded","duration":0.098374999999578,"failureMessages":[],"meta":{}},{"ancestorTitles":["HaloPowered.com - API & Endpoint Testing","JSON Data Extraction & Validation","Data Consistency Validation"],"fullName":"HaloPowered.com - API & Endpoint Testing JSON Data Extraction & Validation Data Consistency Validation validates data consistency across pages","status":"passed","title":"validates data consistency across pages","duration":1.1000420000000304,"failureMessages":[],"meta":{}},{"ancestorTitles":["HaloPowered.com - API & Endpoint Testing","JSON Data Extraction & Validation","Data Consistency Validation"],"fullName":"HaloPowered.com - API & Endpoint Testing JSON Data Extraction & Validation Data Consistency Validation validates company branding consistency","status":"passed","title":"validates company branding consistency","duration":2.2670829999997295,"failureMessages":[],"meta":{}}],"startTime":1760704073017,"endTime":1760704080098.267,"status":"passed","message":"","name":"/Users/sebasviquez/HaloAutomationProject/tests/api.test.ts"},{"assertionResults":[{"ancestorTitles":["HaloPowered.com - Real Website Data Validation","Project Portfolio Validation"],"fullName":"HaloPowered.com - Real Website Data Validation Project Portfolio Validation validates key projects are present on homepage","status":"passed","title":"validates key projects are present on homepage","duration":1.0802499999999782,"failureMessages":[],"meta":{}},{"ancestorTitles":["HaloPowered.com - Real Website Data Validation","Project Portfolio Validation"],"fullName":"HaloPowered.com - Real Website Data Validation Project Portfolio Validation validates work-related content is accessible","status":"passed","title":"validates work-related content is accessible","duration":0.19604200000003402,"failureMessages":[],"meta":{}},{"ancestorTitles":["HaloPowered.com - Real Website Data Validation","Project Portfolio Validation"],"fullName":"HaloPowered.com - Real Website Data Validation Project Portfolio Validation validates project technologies are mentioned","status":"passed","title":"validates project technologies are mentioned","duration":0.896959000000038,"failureMessages":[],"meta":{}},{"ancestorTitles":["HaloPowered.com - Real Website Data Validation","Testimonial Content Validation"],"fullName":"HaloPowered.com - Real Website Data Validation Testimonial Content Validation validates testimonial content is present","status":"passed","title":"validates testimonial content is present","duration":1.2147919999999885,"failureMessages":[],"meta":{}},{"ancestorTitles":["HaloPowered.com - Real Website Data Validation","Testimonial Content Validation"],"fullName":"HaloPowered.com - Real Website Data Validation Testimonial Content Validation validates testimonial quote quality","status":"passed","title":"validates testimonial quote quality","duration":0.22558300000002873,"failureMessages":[],"meta":{}},{"ancestorTitles":["HaloPowered.com - Real Website Data Validation","Testimonial Content Validation"],"fullName":"HaloPowered.com - Real Website Data Validation Testimonial Content Validation validates testimonial attribution is complete","status":"passed","title":"validates testimonial attribution is complete","duration":1.1143329999999878,"failureMessages":[],"meta":{}},{"ancestorTitles":["HaloPowered.com - Real Website Data Validation","Contact Information Validation"],"fullName":"HaloPowered.com - Real Website Data Validation Contact Information Validation validates contact information is present and properly formatted","status":"passed","title":"validates contact information is present and properly formatted","duration":1.6356250000000045,"failureMessages":[],"meta":{}},{"ancestorTitles":["HaloPowered.com - Real Website Data Validation","Contact Information Validation"],"fullName":"HaloPowered.com - Real Website Data Validation Contact Information Validation validates contact links are properly formatted","status":"passed","title":"validates contact links are properly formatted","duration":1.0687090000000126,"failureMessages":[],"meta":{}},{"ancestorTitles":["HaloPowered.com - Real Website Data Validation","Contact Information Validation"],"fullName":"HaloPowered.com - Real Website Data Validation Contact Information Validation validates external contact links are present","status":"passed","title":"validates external contact links are present","duration":0.5975830000000997,"failureMessages":[],"meta":{}},{"ancestorTitles":["HaloPowered.com - Real Website Data Validation","Company Information Validation"],"fullName":"HaloPowered.com - Real Website Data Validation Company Information Validation validates company branding is consistent","status":"passed","title":"validates company branding is consistent","duration":0.09291700000005676,"failureMessages":[],"meta":{}},{"ancestorTitles":["HaloPowered.com - Real Website Data Validation","Company Information Validation"],"fullName":"HaloPowered.com - Real Website Data Validation Company Information Validation validates company legal information is present","status":"passed","title":"validates company legal information is present","duration":0.40695900000002894,"failureMessages":[],"meta":{}},{"ancestorTitles":["HaloPowered.com - Real Website Data Validation","Company Information Validation"],"fullName":"HaloPowered.com - Real Website Data Validation Company Information Validation validates company address is complete","status":"passed","title":"validates company address is complete","duration":1.5082499999999754,"failureMessages":[],"meta":{}},{"ancestorTitles":["HaloPowered.com - Real Website Data Validation","SEO and Meta Data Validation"],"fullName":"HaloPowered.com - Real Website Data Validation SEO and Meta Data Validation validates basic SEO elements are present","status":"passed","title":"validates basic SEO elements are present","duration":0.10050000000001091,"failureMessages":[],"meta":{}},{"ancestorTitles":["HaloPowered.com - Real Website Data Validation","SEO and Meta Data Validation"],"fullName":"HaloPowered.com - Real Website Data Validation SEO and Meta Data Validation validates homepage has proper SEO structure","status":"passed","title":"validates homepage has proper SEO structure","duration":0.1464170000000422,"failureMessages":[],"meta":{}},{"ancestorTitles":["HaloPowered.com - Real Website Data Validation","SEO and Meta Data Validation"],"fullName":"HaloPowered.com - Real Website Data Validation SEO and Meta Data Validation validates canonical URLs are properly set","status":"passed","title":"validates canonical URLs are properly set","duration":0.10354199999994762,"failureMessages":[],"meta":{}},{"ancestorTitles":["HaloPowered.com - Real Website Data Validation","Navigation and User Experience"],"fullName":"HaloPowered.com - Real Website Data Validation Navigation and User Experience validates main navigation is present","status":"passed","title":"validates main navigation is present","duration":1.1912079999999605,"failureMessages":[],"meta":{}},{"ancestorTitles":["HaloPowered.com - Real Website Data Validation","Navigation and User Experience"],"fullName":"HaloPowered.com - Real Website Data Validation Navigation and User Experience validates RFP tool integration is present","status":"passed","title":"validates RFP tool integration is present","duration":0.327541999999994,"failureMessages":[],"meta":{}},{"ancestorTitles":["HaloPowered.com - Real Website Data Validation","Navigation and User Experience"],"fullName":"HaloPowered.com - Real Website Data Validation Navigation and User Experience validates call-to-action elements are present","status":"passed","title":"validates call-to-action elements are present","duration":0.04941600000006474,"failureMessages":[],"meta":{}},{"ancestorTitles":["HaloPowered.com - Real Website Data Validation","Data Validation Utilities"],"fullName":"HaloPowered.com - Real Website Data Validation Data Validation Utilities validates email formats correctly","status":"passed","title":"validates email formats correctly","duration":0.1888330000000451,"failureMessages":[],"meta":{}},{"ancestorTitles":["HaloPowered.com - Real Website Data Validation","Data Validation Utilities"],"fullName":"HaloPowered.com - Real Website Data Validation Data Validation Utilities validates phone number formats","status":"passed","title":"validates phone number formats","duration":0.12212499999998272,"failureMessages":[],"meta":{}},{"ancestorTitles":["HaloPowered.com - Real Website Data Validation","Data Validation Utilities"],"fullName":"HaloPowered.com - Real Website Data Validation Data Validation Utilities validates URL formats","status":"passed","title":"validates URL formats","duration":0.16262499999993452,"failureMessages":[],"meta":{}},{"ancestorTitles":["HaloPowered.com - Real Website Data Validation","Data Validation Utilities"],"fullName":"HaloPowered.com - Real Website Data Validation Data Validation Utilities validates business metrics for data integrity","status":"passed","title":"validates business metrics for data integrity","duration":0.5553750000000264,"failureMessages":[],"meta":{}},{"ancestorTitles":["HaloPowered.com - Real Website Data Validation","Data Validation Utilities"],"fullName":"HaloPowered.com - Real Website Data Validation Data Validation Utilities flags suspicious business metrics","status":"passed","title":"flags suspicious business metrics","duration":0.09079200000007859,"failureMessages":[],"meta":{}},{"ancestorTitles":["HaloPowered.com - Real Website Data Validation","Data Integrity and Consistency"],"fullName":"HaloPowered.com - Real Website Data Validation Data Integrity and Consistency validates data consistency across pages","status":"passed","title":"validates data consistency across pages","duration":0.8378750000000537,"failureMessages":[],"meta":{}},{"ancestorTitles":["HaloPowered.com - Real Website Data Validation","Data Integrity and Consistency"],"fullName":"HaloPowered.com - Real Website Data Validation Data Integrity and Consistency validates company branding consistency","status":"passed","title":"validates company branding consistency","duration":0.0561249999999518,"failureMessages":[],"meta":{}},{"ancestorTitles":["HaloPowered.com - Real Website Data Validation","Data Integrity and Consistency"],"fullName":"HaloPowered.com - Real Website Data Validation Data Integrity and Consistency validates that key content is present on homepage","status":"passed","title":"validates that key content is present on homepage","duration":5.779791999999929,"failureMessages":[],"meta":{}}],"startTime":1760704073117,"endTime":1760704073137.7798,"status":"passed","message":"","name":"/Users/sebasviquez/HaloAutomationProject/tests/unit.test.ts"}]}