{"numTotalTestSuites":31,"numPassedTestSuites":31,"numFailedTestSuites":0,"numPendingTestSuites":0,"numTotalTests":74,"numPassedTests":74,"numFailedTests":0,"numPendingTests":0,"numTodoTests":0,"snapshot":{"added":0,"failure":false,"filesAdded":0,"filesRemoved":0,"filesRemovedList":[],"filesUnmatched":0,"filesUpdated":0,"matched":0,"total":0,"unchecked":0,"uncheckedKeysByFile":[],"unmatched":0,"updated":0,"didUpdate":false},"startTime":1760722189813,"success":true,"testResults":[{"assertionResults":[{"ancestorTitles":["HaloPowered.com - API & Endpoint Testing","Accessible Pages (200 Status)"],"fullName":"HaloPowered.com - API & Endpoint Testing Accessible Pages (200 Status) validates Homepage page returns 200 status","status":"passed","title":"validates Homepage page returns 200 status","duration":385.2224580000001,"failureMessages":[],"meta":{}},{"ancestorTitles":["HaloPowered.com - API & Endpoint Testing","Accessible Pages (200 Status)"],"fullName":"HaloPowered.com - API & Endpoint Testing Accessible Pages (200 Status) validates Homepage page content is present","status":"passed","title":"validates Homepage page content is present","duration":197.814666,"failureMessages":[],"meta":{}},{"ancestorTitles":["HaloPowered.com - API & Endpoint Testing","Accessible Pages (200 Status)"],"fullName":"HaloPowered.com - API & Endpoint Testing Accessible Pages (200 Status) validates Homepage page has proper meta tags","status":"passed","title":"validates Homepage page has proper meta tags","duration":193.42070799999988,"failureMessages":[],"meta":{}},{"ancestorTitles":["HaloPowered.com - API & Endpoint Testing","Client-Side Routed Pages (404 Expected)"],"fullName":"HaloPowered.com - API & Endpoint Testing Client-Side Routed Pages (404 Expected) validates Services page returns 404 due to client-side routing","status":"passed","title":"validates Services page returns 404 due to client-side routing","duration":94.88220799999999,"failureMessages":[],"meta":{}},{"ancestorTitles":["HaloPowered.com - API & Endpoint Testing","Client-Side Routed Pages (404 Expected)"],"fullName":"HaloPowered.com - API & Endpoint Testing Client-Side Routed Pages (404 Expected) explains why Services returns 404: Client-side routing - content loads via JavaScript","status":"passed","title":"explains why Services returns 404: Client-side routing - content loads via JavaScript","duration":0.16687499999989086,"failureMessages":[],"meta":{}},{"ancestorTitles":["HaloPowered.com - API & Endpoint Testing","Client-Side Routed Pages (404 Expected)"],"fullName":"HaloPowered.com - API & Endpoint Testing Client-Side Routed Pages (404 Expected) validates Work Portfolio page returns 404 due to client-side routing","status":"passed","title":"validates Work Portfolio page returns 404 due to client-side routing","duration":95.11808399999995,"failureMessages":[],"meta":{}},{"ancestorTitles":["HaloPowered.com - API & Endpoint Testing","Client-Side Routed Pages (404 Expected)"],"fullName":"HaloPowered.com - API & Endpoint Testing Client-Side Routed Pages (404 Expected) explains why Work Portfolio returns 404: Client-side routing - content loads via JavaScript","status":"passed","title":"explains why Work Portfolio returns 404: Client-side routing - content loads via JavaScript","duration":0.11912500000016735,"failureMessages":[],"meta":{}},{"ancestorTitles":["HaloPowered.com - API & Endpoint Testing","Client-Side Routed Pages (404 Expected)"],"fullName":"HaloPowered.com - API & Endpoint Testing Client-Side Routed Pages (404 Expected) validates Industries page returns 404 due to client-side routing","status":"passed","title":"validates Industries page returns 404 due to client-side routing","duration":95.97887500000002,"failureMessages":[],"meta":{}},{"ancestorTitles":["HaloPowered.com - API & Endpoint Testing","Client-Side Routed Pages (404 Expected)"],"fullName":"HaloPowered.com - API & Endpoint Testing Client-Side Routed Pages (404 Expected) explains why Industries returns 404: Client-side routing - content loads via JavaScript","status":"passed","title":"explains why Industries returns 404: Client-side routing - content loads via JavaScript","duration":0.12474999999994907,"failureMessages":[],"meta":{}},{"ancestorTitles":["HaloPowered.com - API & Endpoint Testing","Client-Side Routed Pages (404 Expected)"],"fullName":"HaloPowered.com - API & Endpoint Testing Client-Side Routed Pages (404 Expected) validates Technology page returns 404 due to client-side routing","status":"passed","title":"validates Technology page returns 404 due to client-side routing","duration":93.80987500000015,"failureMessages":[],"meta":{}},{"ancestorTitles":["HaloPowered.com - API & Endpoint Testing","Client-Side Routed Pages (404 Expected)"],"fullName":"HaloPowered.com - API & Endpoint Testing Client-Side Routed Pages (404 Expected) explains why Technology returns 404: Client-side routing - content loads via JavaScript","status":"passed","title":"explains why Technology returns 404: Client-side routing - content loads via JavaScript","duration":0.08591699999988123,"failureMessages":[],"meta":{}},{"ancestorTitles":["HaloPowered.com - API & Endpoint Testing","Non-Existent Pages (404 Expected)"],"fullName":"HaloPowered.com - API & Endpoint Testing Non-Existent Pages (404 Expected) validates Non-existent Page returns 404 for non-existent page","status":"passed","title":"validates Non-existent Page returns 404 for non-existent page","duration":95.77800000000002,"failureMessages":[],"meta":{}},{"ancestorTitles":["HaloPowered.com - API & Endpoint Testing","Non-Existent Pages (404 Expected)"],"fullName":"HaloPowered.com - API & Endpoint Testing Non-Existent Pages (404 Expected) explains why Non-existent Page returns 404: Page not found on server","status":"passed","title":"explains why Non-existent Page returns 404: Page not found on server","duration":0.16037499999993088,"failureMessages":[],"meta":{}},{"ancestorTitles":["HaloPowered.com - API & Endpoint Testing","Non-Existent Pages (404 Expected)"],"fullName":"HaloPowered.com - API & Endpoint Testing Non-Existent Pages (404 Expected) validates Invalid Path returns 404 for non-existent page","status":"passed","title":"validates Invalid Path returns 404 for non-existent page","duration":94.39745799999992,"failureMessages":[],"meta":{}},{"ancestorTitles":["HaloPowered.com - API & Endpoint Testing","Non-Existent Pages (404 Expected)"],"fullName":"HaloPowered.com - API & Endpoint Testing Non-Existent Pages (404 Expected) explains why Invalid Path returns 404: Path not found on server","status":"passed","title":"explains why Invalid Path returns 404: Path not found on server","duration":0.06441700000004857,"failureMessages":[],"meta":{}},{"ancestorTitles":["HaloPowered.com - API & Endpoint Testing","HTTP Methods & Status Codes"],"fullName":"HaloPowered.com - API & Endpoint Testing HTTP Methods & Status Codes validates GET request returns 200 for homepage","status":"passed","title":"validates GET request returns 200 for homepage","duration":94.89512500000001,"failureMessages":[],"meta":{}},{"ancestorTitles":["HaloPowered.com - API & Endpoint Testing","HTTP Methods & Status Codes"],"fullName":"HaloPowered.com - API & Endpoint Testing HTTP Methods & Status Codes validates HEAD request works for homepage","status":"passed","title":"validates HEAD request works for homepage","duration":99.279583,"failureMessages":[],"meta":{}},{"ancestorTitles":["HaloPowered.com - API & Endpoint Testing","HTTP Methods & Status Codes"],"fullName":"HaloPowered.com - API & Endpoint Testing HTTP Methods & Status Codes validates OPTIONS request for homepage","status":"passed","title":"validates OPTIONS request for homepage","duration":94.23670899999979,"failureMessages":[],"meta":{}},{"ancestorTitles":["HaloPowered.com - API & Endpoint Testing","HTTP Methods & Status Codes"],"fullName":"HaloPowered.com - API & Endpoint Testing HTTP Methods & Status Codes validates POST requests are handled appropriately","status":"passed","title":"validates POST requests are handled appropriately","duration":278.66187500000024,"failureMessages":[],"meta":{}},{"ancestorTitles":["HaloPowered.com - API & Endpoint Testing","Header Validation"],"fullName":"HaloPowered.com - API & Endpoint Testing Header Validation validates security headers on homepage","status":"passed","title":"validates security headers on homepage","duration":385.55999999999995,"failureMessages":[],"meta":{}},{"ancestorTitles":["HaloPowered.com - API & Endpoint Testing","Header Validation"],"fullName":"HaloPowered.com - API & Endpoint Testing Header Validation validates cache headers are consistent","status":"passed","title":"validates cache headers are consistent","duration":408.67816600000015,"failureMessages":[],"meta":{}},{"ancestorTitles":["HaloPowered.com - API & Endpoint Testing","Header Validation"],"fullName":"HaloPowered.com - API & Endpoint Testing Header Validation validates content type is HTML for homepage","status":"passed","title":"validates content type is HTML for homepage","duration":94.5295000000001,"failureMessages":[],"meta":{}},{"ancestorTitles":["HaloPowered.com - API & Endpoint Testing","Content Negotiation"],"fullName":"HaloPowered.com - API & Endpoint Testing Content Negotiation validates content type negotiation with different Accept headers","status":"passed","title":"validates content type negotiation with different Accept headers","duration":285.73029099999985,"failureMessages":[],"meta":{}},{"ancestorTitles":["HaloPowered.com - API & Endpoint Testing","Content Negotiation"],"fullName":"HaloPowered.com - API & Endpoint Testing Content Negotiation validates encoding support for homepage","status":"passed","title":"validates encoding support for homepage","duration":95.51924999999983,"failureMessages":[],"meta":{}},{"ancestorTitles":["HaloPowered.com - API & Endpoint Testing","Error Handling & Edge Cases"],"fullName":"HaloPowered.com - API & Endpoint Testing Error Handling & Edge Cases validates 404 handling for non-existent pages","status":"passed","title":"validates 404 handling for non-existent pages","duration":286.0423340000002,"failureMessages":[],"meta":{}},{"ancestorTitles":["HaloPowered.com - API & Endpoint Testing","Error Handling & Edge Cases"],"fullName":"HaloPowered.com - API & Endpoint Testing Error Handling & Edge Cases validates case sensitivity handling","status":"passed","title":"validates case sensitivity handling","duration":384.70845800000006,"failureMessages":[],"meta":{}},{"ancestorTitles":["HaloPowered.com - API & Endpoint Testing","Performance & Load Testing"],"fullName":"HaloPowered.com - API & Endpoint Testing Performance & Load Testing validates response times for homepage","status":"passed","title":"validates response times for homepage","duration":95.81612499999937,"failureMessages":[],"meta":{}},{"ancestorTitles":["HaloPowered.com - API & Endpoint Testing","Performance & Load Testing"],"fullName":"HaloPowered.com - API & Endpoint Testing Performance & Load Testing validates concurrent requests to homepage","status":"passed","title":"validates concurrent requests to homepage","duration":292.3604170000008,"failureMessages":[],"meta":{}},{"ancestorTitles":["HaloPowered.com - API & Endpoint Testing","Data Integrity & Consistency"],"fullName":"HaloPowered.com - API & Endpoint Testing Data Integrity & Consistency validates response consistency across multiple requests","status":"passed","title":"validates response consistency across multiple requests","duration":347.12508400000024,"failureMessages":[],"meta":{}},{"ancestorTitles":["HaloPowered.com - API & Endpoint Testing","Data Integrity & Consistency"],"fullName":"HaloPowered.com - API & Endpoint Testing Data Integrity & Consistency validates content length consistency","status":"passed","title":"validates content length consistency","duration":188.9078329999993,"failureMessages":[],"meta":{}},{"ancestorTitles":["HaloPowered.com - API & Endpoint Testing","Data Integrity & Consistency"],"fullName":"HaloPowered.com - API & Endpoint Testing Data Integrity & Consistency validates homepage contains navigation elements","status":"passed","title":"validates homepage contains navigation elements","duration":111.03241699999944,"failureMessages":[],"meta":{}},{"ancestorTitles":["HaloPowered.com - API & Endpoint Testing","External Links & Integrations"],"fullName":"HaloPowered.com - API & Endpoint Testing External Links & Integrations validates external RFP link is accessible","status":"passed","title":"validates external RFP link is accessible","duration":438.5557090000002,"failureMessages":[],"meta":{}},{"ancestorTitles":["HaloPowered.com - API & Endpoint Testing","External Links & Integrations"],"fullName":"HaloPowered.com - API & Endpoint Testing External Links & Integrations validates LinkedIn company link is accessible","status":"passed","title":"validates LinkedIn company link is accessible","duration":918.8682920000001,"failureMessages":[],"meta":{}},{"ancestorTitles":["HaloPowered.com - API & Endpoint Testing","External Links & Integrations"],"fullName":"HaloPowered.com - API & Endpoint Testing External Links & Integrations validates Clutch profile link response","status":"passed","title":"validates Clutch profile link response","duration":348.7325000000001,"failureMessages":[],"meta":{}},{"ancestorTitles":["HaloPowered.com - API & Endpoint Testing","SEO & Meta Data Validation"],"fullName":"HaloPowered.com - API & Endpoint Testing SEO & Meta Data Validation validates homepage has proper title tag","status":"passed","title":"validates homepage has proper title tag","duration":171.58191699999952,"failureMessages":[],"meta":{}},{"ancestorTitles":["HaloPowered.com - API & Endpoint Testing","SEO & Meta Data Validation"],"fullName":"HaloPowered.com - API & Endpoint Testing SEO & Meta Data Validation validates meta description is present on homepage","status":"passed","title":"validates meta description is present on homepage","duration":99.2215839999999,"failureMessages":[],"meta":{}},{"ancestorTitles":["HaloPowered.com - API & Endpoint Testing","SEO & Meta Data Validation"],"fullName":"HaloPowered.com - API & Endpoint Testing SEO & Meta Data Validation validates canonical URL is properly set on homepage","status":"passed","title":"validates canonical URL is properly set on homepage","duration":99.65429099999983,"failureMessages":[],"meta":{}},{"ancestorTitles":["HaloPowered.com - API & Endpoint Testing","JSON Data Extraction & Validation","Google Analytics DataLayer Validation"],"fullName":"HaloPowered.com - API & Endpoint Testing JSON Data Extraction & Validation Google Analytics DataLayer Validation validates Google Analytics tracking is properly configured","status":"passed","title":"validates Google Analytics tracking is properly configured","duration":0.18475000000034925,"failureMessages":[],"meta":{}},{"ancestorTitles":["HaloPowered.com - API & Endpoint Testing","JSON Data Extraction & Validation","Google Analytics DataLayer Validation"],"fullName":"HaloPowered.com - API & Endpoint Testing JSON Data Extraction & Validation Google Analytics DataLayer Validation validates expected analytics events structure","status":"passed","title":"validates expected analytics events structure","duration":0.06475000000045839,"failureMessages":[],"meta":{}},{"ancestorTitles":["HaloPowered.com - API & Endpoint Testing","JSON Data Extraction & Validation","Project Portfolio Data Structure"],"fullName":"HaloPowered.com - API & Endpoint Testing JSON Data Extraction & Validation Project Portfolio Data Structure validates project data structure from homepage","status":"passed","title":"validates project data structure from homepage","duration":0.5125829999997222,"failureMessages":[],"meta":{}},{"ancestorTitles":["HaloPowered.com - API & Endpoint Testing","JSON Data Extraction & Validation","Project Portfolio Data Structure"],"fullName":"HaloPowered.com - API & Endpoint Testing JSON Data Extraction & Validation Project Portfolio Data Structure validates project filtering functionality","status":"passed","title":"validates project filtering functionality","duration":0.06808399999954418,"failureMessages":[],"meta":{}},{"ancestorTitles":["HaloPowered.com - API & Endpoint Testing","JSON Data Extraction & Validation","Testimonial Data Structure"],"fullName":"HaloPowered.com - API & Endpoint Testing JSON Data Extraction & Validation Testimonial Data Structure validates testimonial data structure","status":"passed","title":"validates testimonial data structure","duration":1.616917000000285,"failureMessages":[],"meta":{}},{"ancestorTitles":["HaloPowered.com - API & Endpoint Testing","JSON Data Extraction & Validation","Contact Information Data Structure"],"fullName":"HaloPowered.com - API & Endpoint Testing JSON Data Extraction & Validation Contact Information Data Structure validates contact information structure","status":"passed","title":"validates contact information structure","duration":1.5640840000005483,"failureMessages":[],"meta":{}},{"ancestorTitles":["HaloPowered.com - API & Endpoint Testing","JSON Data Extraction & Validation","External Integration Data"],"fullName":"HaloPowered.com - API & Endpoint Testing JSON Data Extraction & Validation External Integration Data validates external service integrations","status":"passed","title":"validates external service integrations","duration":1.1737080000002607,"failureMessages":[],"meta":{}},{"ancestorTitles":["HaloPowered.com - API & Endpoint Testing","JSON Data Extraction & Validation","Performance and Asset Data"],"fullName":"HaloPowered.com - API & Endpoint Testing JSON Data Extraction & Validation Performance and Asset Data validates image assets are properly loaded","status":"passed","title":"validates image assets are properly loaded","duration":0.5669170000001031,"failureMessages":[],"meta":{}},{"ancestorTitles":["HaloPowered.com - API & Endpoint Testing","JSON Data Extraction & Validation","Performance and Asset Data"],"fullName":"HaloPowered.com - API & Endpoint Testing JSON Data Extraction & Validation Performance and Asset Data validates font assets are properly loaded","status":"passed","title":"validates font assets are properly loaded","duration":0.0832909999999174,"failureMessages":[],"meta":{}},{"ancestorTitles":["HaloPowered.com - API & Endpoint Testing","JSON Data Extraction & Validation","Data Consistency Validation"],"fullName":"HaloPowered.com - API & Endpoint Testing JSON Data Extraction & Validation Data Consistency Validation validates data consistency across pages","status":"passed","title":"validates data consistency across pages","duration":0.8077499999999418,"failureMessages":[],"meta":{}},{"ancestorTitles":["HaloPowered.com - API & Endpoint Testing","JSON Data Extraction & Validation","Data Consistency Validation"],"fullName":"HaloPowered.com - API & Endpoint Testing JSON Data Extraction & Validation Data Consistency Validation validates company branding consistency","status":"passed","title":"validates company branding consistency","duration":1.684624999999869,"failureMessages":[],"meta":{}}],"startTime":1760722190583,"endTime":1760722197559.6846,"status":"passed","message":"","name":"/Users/sebasviquez/HaloAutomationProject/tests/api.test.ts"},{"assertionResults":[{"ancestorTitles":["HaloPowered.com - Real Website Data Validation","Project Portfolio Validation"],"fullName":"HaloPowered.com - Real Website Data Validation Project Portfolio Validation validates key projects are present on homepage","status":"passed","title":"validates key projects are present on homepage","duration":1.0894160000000284,"failureMessages":[],"meta":{}},{"ancestorTitles":["HaloPowered.com - Real Website Data Validation","Project Portfolio Validation"],"fullName":"HaloPowered.com - Real Website Data Validation Project Portfolio Validation validates work-related content is accessible","status":"passed","title":"validates work-related content is accessible","duration":0.20212500000002365,"failureMessages":[],"meta":{}},{"ancestorTitles":["HaloPowered.com - Real Website Data Validation","Project Portfolio Validation"],"fullName":"HaloPowered.com - Real Website Data Validation Project Portfolio Validation validates project technologies are mentioned","status":"passed","title":"validates project technologies are mentioned","duration":0.8821249999999736,"failureMessages":[],"meta":{}},{"ancestorTitles":["HaloPowered.com - Real Website Data Validation","Testimonial Content Validation"],"fullName":"HaloPowered.com - Real Website Data Validation Testimonial Content Validation validates testimonial content is present","status":"passed","title":"validates testimonial content is present","duration":1.0926659999998947,"failureMessages":[],"meta":{}},{"ancestorTitles":["HaloPowered.com - Real Website Data Validation","Testimonial Content Validation"],"fullName":"HaloPowered.com - Real Website Data Validation Testimonial Content Validation validates testimonial quote quality","status":"passed","title":"validates testimonial quote quality","duration":0.217583999999988,"failureMessages":[],"meta":{}},{"ancestorTitles":["HaloPowered.com - Real Website Data Validation","Testimonial Content Validation"],"fullName":"HaloPowered.com - Real Website Data Validation Testimonial Content Validation validates testimonial attribution is complete","status":"passed","title":"validates testimonial attribution is complete","duration":1.0680409999999938,"failureMessages":[],"meta":{}},{"ancestorTitles":["HaloPowered.com - Real Website Data Validation","Contact Information Validation"],"fullName":"HaloPowered.com - Real Website Data Validation Contact Information Validation validates contact information is present and properly formatted","status":"passed","title":"validates contact information is present and properly formatted","duration":1.758542000000034,"failureMessages":[],"meta":{}},{"ancestorTitles":["HaloPowered.com - Real Website Data Validation","Contact Information Validation"],"fullName":"HaloPowered.com - Real Website Data Validation Contact Information Validation validates contact links are properly formatted","status":"passed","title":"validates contact links are properly formatted","duration":1.0650830000000724,"failureMessages":[],"meta":{}},{"ancestorTitles":["HaloPowered.com - Real Website Data Validation","Contact Information Validation"],"fullName":"HaloPowered.com - Real Website Data Validation Contact Information Validation validates external contact links are present","status":"passed","title":"validates external contact links are present","duration":0.5758749999999964,"failureMessages":[],"meta":{}},{"ancestorTitles":["HaloPowered.com - Real Website Data Validation","Company Information Validation"],"fullName":"HaloPowered.com - Real Website Data Validation Company Information Validation validates company branding is consistent","status":"passed","title":"validates company branding is consistent","duration":0.08283399999993435,"failureMessages":[],"meta":{}},{"ancestorTitles":["HaloPowered.com - Real Website Data Validation","Company Information Validation"],"fullName":"HaloPowered.com - Real Website Data Validation Company Information Validation validates company legal information is present","status":"passed","title":"validates company legal information is present","duration":0.3462080000000469,"failureMessages":[],"meta":{}},{"ancestorTitles":["HaloPowered.com - Real Website Data Validation","Company Information Validation"],"fullName":"HaloPowered.com - Real Website Data Validation Company Information Validation validates company address is complete","status":"passed","title":"validates company address is complete","duration":1.4015830000000733,"failureMessages":[],"meta":{}},{"ancestorTitles":["HaloPowered.com - Real Website Data Validation","SEO and Meta Data Validation"],"fullName":"HaloPowered.com - Real Website Data Validation SEO and Meta Data Validation validates basic SEO elements are present","status":"passed","title":"validates basic SEO elements are present","duration":0.06941699999993034,"failureMessages":[],"meta":{}},{"ancestorTitles":["HaloPowered.com - Real Website Data Validation","SEO and Meta Data Validation"],"fullName":"HaloPowered.com - Real Website Data Validation SEO and Meta Data Validation validates homepage has proper SEO structure","status":"passed","title":"validates homepage has proper SEO structure","duration":0.10570899999993344,"failureMessages":[],"meta":{}},{"ancestorTitles":["HaloPowered.com - Real Website Data Validation","SEO and Meta Data Validation"],"fullName":"HaloPowered.com - Real Website Data Validation SEO and Meta Data Validation validates canonical URLs are properly set","status":"passed","title":"validates canonical URLs are properly set","duration":0.08079099999997652,"failureMessages":[],"meta":{}},{"ancestorTitles":["HaloPowered.com - Real Website Data Validation","Navigation and User Experience"],"fullName":"HaloPowered.com - Real Website Data Validation Navigation and User Experience validates main navigation is present","status":"passed","title":"validates main navigation is present","duration":1.1150420000000167,"failureMessages":[],"meta":{}},{"ancestorTitles":["HaloPowered.com - Real Website Data Validation","Navigation and User Experience"],"fullName":"HaloPowered.com - Real Website Data Validation Navigation and User Experience validates RFP tool integration is present","status":"passed","title":"validates RFP tool integration is present","duration":0.252791000000002,"failureMessages":[],"meta":{}},{"ancestorTitles":["HaloPowered.com - Real Website Data Validation","Navigation and User Experience"],"fullName":"HaloPowered.com - Real Website Data Validation Navigation and User Experience validates call-to-action elements are present","status":"passed","title":"validates call-to-action elements are present","duration":0.04737499999998818,"failureMessages":[],"meta":{}},{"ancestorTitles":["HaloPowered.com - Real Website Data Validation","Data Validation Utilities"],"fullName":"HaloPowered.com - Real Website Data Validation Data Validation Utilities validates email formats correctly","status":"passed","title":"validates email formats correctly","duration":0.18391699999995126,"failureMessages":[],"meta":{}},{"ancestorTitles":["HaloPowered.com - Real Website Data Validation","Data Validation Utilities"],"fullName":"HaloPowered.com - Real Website Data Validation Data Validation Utilities validates phone number formats","status":"passed","title":"validates phone number formats","duration":0.11116700000002311,"failureMessages":[],"meta":{}},{"ancestorTitles":["HaloPowered.com - Real Website Data Validation","Data Validation Utilities"],"fullName":"HaloPowered.com - Real Website Data Validation Data Validation Utilities validates URL formats","status":"passed","title":"validates URL formats","duration":0.1539589999999862,"failureMessages":[],"meta":{}},{"ancestorTitles":["HaloPowered.com - Real Website Data Validation","Data Validation Utilities"],"fullName":"HaloPowered.com - Real Website Data Validation Data Validation Utilities validates business metrics for data integrity","status":"passed","title":"validates business metrics for data integrity","duration":0.5338339999999562,"failureMessages":[],"meta":{}},{"ancestorTitles":["HaloPowered.com - Real Website Data Validation","Data Validation Utilities"],"fullName":"HaloPowered.com - Real Website Data Validation Data Validation Utilities flags suspicious business metrics","status":"passed","title":"flags suspicious business metrics","duration":0.08491600000002109,"failureMessages":[],"meta":{}},{"ancestorTitles":["HaloPowered.com - Real Website Data Validation","Data Integrity and Consistency"],"fullName":"HaloPowered.com - Real Website Data Validation Data Integrity and Consistency validates data consistency across pages","status":"passed","title":"validates data consistency across pages","duration":0.7075839999999971,"failureMessages":[],"meta":{}},{"ancestorTitles":["HaloPowered.com - Real Website Data Validation","Data Integrity and Consistency"],"fullName":"HaloPowered.com - Real Website Data Validation Data Integrity and Consistency validates company branding consistency","status":"passed","title":"validates company branding consistency","duration":0.0688750000000482,"failureMessages":[],"meta":{}},{"ancestorTitles":["HaloPowered.com - Real Website Data Validation","Data Integrity and Consistency"],"fullName":"HaloPowered.com - Real Website Data Validation Data Integrity and Consistency validates that key content is present on homepage","status":"passed","title":"validates that key content is present on homepage","duration":5.526583999999957,"failureMessages":[],"meta":{}}],"startTime":1760722190815,"endTime":1760722190834.5266,"status":"passed","message":"","name":"/Users/sebasviquez/HaloAutomationProject/tests/unit.test.ts"}]}